<?xml version="1.0" encoding="UTF-8"?>
<testng-results ignored="0" total="2" passed="2" failed="0" skipped="0">
  <reporter-output>
  </reporter-output>
  <suite started-at="2020-07-23T21:51:31 IST" name="Suite" finished-at="2020-07-23T21:52:48 IST" duration-ms="77024">
    <groups>
    </groups>
    <test started-at="2020-07-23T21:51:31 IST" name="Test" finished-at="2020-07-23T21:52:48 IST" duration-ms="77024">
      <class name="TestCases.SearchPageTest">
        <test-method is-config="true" signature="setexten()[pri:0, instance:TestCases.SearchPageTest@76908cc0]" started-at="2020-07-23T21:51:31 IST" name="setexten" finished-at="2020-07-23T21:51:31 IST" duration-ms="257" status="PASS">
          <reporter-output>
          </reporter-output>
        </test-method> <!-- setexten -->
        <test-method is-config="true" signature="launch()[pri:0, instance:TestCases.SearchPageTest@76908cc0]" started-at="2020-07-23T21:51:31 IST" name="launch" finished-at="2020-07-23T21:51:59 IST" duration-ms="27930" status="PASS">
          <reporter-output>
          </reporter-output>
        </test-method> <!-- launch -->
        <test-method signature="search()[pri:0, instance:TestCases.SearchPageTest@76908cc0]" started-at="2020-07-23T21:51:59 IST" name="search" finished-at="2020-07-23T21:52:00 IST" duration-ms="1409" status="PASS">
          <reporter-output>
          </reporter-output>
        </test-method> <!-- search -->
        <test-method is-config="true" signature="teardowm()[pri:0, instance:TestCases.SearchPageTest@76908cc0]" started-at="2020-07-23T21:52:05 IST" name="teardowm" finished-at="2020-07-23T21:52:07 IST" duration-ms="2111" status="PASS">
          <reporter-output>
          </reporter-output>
        </test-method> <!-- teardowm -->
        <test-method is-config="true" signature="launch()[pri:0, instance:TestCases.SearchPageTest@76908cc0]" started-at="2020-07-23T21:52:07 IST" name="launch" finished-at="2020-07-23T21:52:42 IST" duration-ms="34485" status="PASS">
          <reporter-output>
          </reporter-output>
        </test-method> <!-- launch -->
        <test-method signature="search()[pri:0, instance:TestCases.SearchPageTest@76908cc0]" started-at="2020-07-23T21:52:42 IST" name="search" finished-at="2020-07-23T21:52:42 IST" duration-ms="564" status="PASS">
          <reporter-output>
          </reporter-output>
        </test-method> <!-- search -->
        <test-method is-config="true" signature="teardowm()[pri:0, instance:TestCases.SearchPageTest@76908cc0]" started-at="2020-07-23T21:52:47 IST" name="teardowm" finished-at="2020-07-23T21:52:48 IST" duration-ms="1452" status="PASS">
          <reporter-output>
          </reporter-output>
        </test-method> <!-- teardowm -->
        <test-method is-config="true" signature="endext()[pri:0, instance:TestCases.SearchPageTest@76908cc0]" started-at="2020-07-23T21:52:48 IST" name="endext" finished-at="2020-07-23T21:52:50 IST" duration-ms="1599" status="PASS">
          <reporter-output>
          </reporter-output>
        </test-method> <!-- endext -->
      </class> <!-- TestCases.SearchPageTest -->
    </test> <!-- Test -->
  </suite> <!-- Suite -->
</testng-results>
